[    0.000000] Linux version 4.15.0-212-generic (buildd@lcy02-amd64-083) (gcc version 7.5.0 (Ubuntu 7.5.0-3ubuntu1~18.04)) #223-Ubuntu SMP Tue May 23 13:09:22 UTC 2023 (Ubuntu 4.15.0-212.223-generic 4.15.18)
[    0.000000] Command line: BOOT_IMAGE=/boot/vmlinuz-4.15.0-212-generic root=LABEL=cloudimg-rootfs ro console=tty1 console=ttyS0
[    0.000000] KERNEL supported cpus:
[    0.000000]   Intel GenuineIntel
[    0.000000]   AMD AuthenticAMD
[    0.000000]   Centaur CentaurHauls
[    0.000000] x86/fpu: Supporting XSAVE feature 0x001: 'x87 floating point registers'
[    0.000000] x86/fpu: Supporting XSAVE feature 0x002: 'SSE registers'
[    0.000000] x86/fpu: Supporting XSAVE feature 0x004: 'AVX registers'
[    0.000000] x86/fpu: xstate_offset[2]:  576, xstate_sizes[2]:  256
[    0.000000] x86/fpu: Enabled xstate features 0x7, context size is 832 bytes, using 'standard' format.
[    0.000000] e820: BIOS-provided physical RAM map:
[    0.000000] BIOS-e820: [mem 0x0000000000000000-0x000000000009fbff] usable
[    0.000000] BIOS-e820: [mem 0x000000000009fc00-0x000000000009ffff] reserved
[    0.000000] BIOS-e820: [mem 0x00000000000f0000-0x00000000000fffff] reserved
[    0.000000] BIOS-e820: [mem 0x0000000000100000-0x000000001ffeffff] usable
[    0.000000] BIOS-e820: [mem 0x000000001fff0000-0x000000001fffffff] ACPI data
[    0.000000] BIOS-e820: [mem 0x00000000fec00000-0x00000000fec00fff] reserved
[    0.000000] BIOS-e820: [mem 0x00000000fee00000-0x00000000fee00fff] reserved
[    0.000000] BIOS-e820: [mem 0x00000000fffc0000-0x00000000ffffffff] reserved
[    0.000000] NX (Execute Disable) protection: active
[    0.000000] SMBIOS 2.5 present.
[    0.000000] DMI: innotek GmbH VirtualBox/VirtualBox, BIOS VirtualBox 12/01/2006
[    0.000000] Hypervisor detected: KVM
[    0.000000] e820: last_pfn = 0x1fff0 max_arch_pfn = 0x400000000
[    0.000000] MTRR: Disabled
[    0.000000] x86/PAT: MTRRs disabled, skipping PAT initialization too.
[    0.000000] CPU MTRRs all blank - virtualized system.
[    0.000000] x86/PAT: Configuration [0-7]: WB  WT  UC- UC  WB  WT  UC- UC  
[    0.000000] found SMP MP-table at [mem 0x0009fff0-0x0009ffff]
[    0.000000] Scanning 1 areas for low memory corruption
[    0.000000] RAMDISK: [mem 0x1db01000-0x1ee12fff]
[    0.000000] ACPI: Early table checksum verification disabled
[    0.000000] ACPI: RSDP 0x00000000000E0000 000024 (v02 VBOX  )
[    0.000000] ACPI: XSDT 0x000000001FFF0030 00003C (v01 VBOX   VBOXXSDT 00000001 ASL  00000061)
[    0.000000] ACPI: FACP 0x000000001FFF00F0 0000F4 (v04 VBOX   VBOXFACP 00000001 ASL  00000061)
[    0.000000] ACPI: DSDT 0x000000001FFF0470 002325 (v02 VBOX   VBOXBIOS 00000002 INTL 20120111)
[    0.000000] ACPI: FACS 0x000000001FFF0200 000040
[    0.000000] ACPI: FACS 0x000000001FFF0200 000040
[    0.000000] ACPI: APIC 0x000000001FFF0240 000054 (v02 VBOX   VBOXAPIC 00000001 ASL  00000061)
[    0.000000] ACPI: SSDT 0x000000001FFF02A0 0001CC (v01 VBOX   VBOXCPUT 00000002 INTL 20120111)
[    0.000000] ACPI: Reserving FACP table memory at [mem 0x1fff00f0-0x1fff01e3]
[    0.000000] ACPI: Reserving DSDT table memory at [mem 0x1fff0470-0x1fff2794]
[    0.000000] ACPI: Reserving FACS table memory at [mem 0x1fff0200-0x1fff023f]
[    0.000000] ACPI: Reserving FACS table memory at [mem 0x1fff0200-0x1fff023f]
[    0.000000] ACPI: Reserving APIC table memory at [mem 0x1fff0240-0x1fff0293]
[    0.000000] ACPI: Reserving SSDT table memory at [mem 0x1fff02a0-0x1fff046b]
[    0.000000] No NUMA configuration found
[    0.000000] Faking a node at [mem 0x0000000000000000-0x000000001ffeffff]
[    0.000000] NODE_DATA(0) allocated [mem 0x1ffc5000-0x1ffeffff]
[    0.000000] kvm-clock: cpu 0, msr 0:1ff44001, primary cpu clock
[    0.000000] kvm-clock: Using msrs 4b564d01 and 4b564d00
[    0.000000] kvm-clock: using sched offset of 28069504584 cycles
[    0.000000] clocksource: kvm-clock: mask: 0xffffffffffffffff max_cycles: 0x1cd42e4dffb, max_idle_ns: 881590591483 ns
[    0.000000] Zone ranges:
[    0.000000]   DMA      [mem 0x0000000000001000-0x0000000000ffffff]
[    0.000000]   DMA32    [mem 0x0000000001000000-0x000000001ffeffff]
[    0.000000]   Normal   empty
[    0.000000]   Device   empty
[    0.000000] Movable zone start for each node
[    0.000000] Early memory node ranges
[    0.000000]   node   0: [mem 0x0000000000001000-0x000000000009efff]
[    0.000000]   node   0: [mem 0x0000000000100000-0x000000001ffeffff]
[    0.000000] Reserved but unavailable: 104 pages
[    0.000000] Initmem setup node 0 [mem 0x0000000000001000-0x000000001ffeffff]
[    0.000000] ACPI: PM-Timer IO Port: 0x4008
[    0.000000] IOAPIC[0]: apic_id 1, version 32, address 0xfec00000, GSI 0-23
[    0.000000] ACPI: INT_SRC_OVR (bus 0 bus_irq 0 global_irq 2 dfl dfl)
[    0.000000] ACPI: INT_SRC_OVR (bus 0 bus_irq 9 global_irq 9 low level)
[    0.000000] Using ACPI (MADT) for SMP configuration information
[    0.000000] smpboot: Allowing 1 CPUs, 0 hotplug CPUs
[    0.000000] PM: Registered nosave memory: [mem 0x00000000-0x00000fff]
[    0.000000] PM: Registered nosave memory: [mem 0x0009f000-0x0009ffff]
[    0.000000] PM: Registered nosave memory: [mem 0x000a0000-0x000effff]
[    0.000000] PM: Registered nosave memory: [mem 0x000f0000-0x000fffff]
[    0.000000] e820: [mem 0x20000000-0xfebfffff] available for PCI devices
[    0.000000] Booting paravirtualized kernel on KVM
[    0.000000] clocksource: refined-jiffies: mask: 0xffffffff max_cycles: 0xffffffff, max_idle_ns: 7645519600211568 ns
[    0.000000] setup_percpu: NR_CPUS:8192 nr_cpumask_bits:1 nr_cpu_ids:1 nr_node_ids:1
[    0.000000] percpu: Embedded 50 pages/cpu s167936 r8192 d28672 u2097152
[    0.000000] PV qspinlock hash table entries: 256 (order: 0, 4096 bytes)
[    0.000000] Built 1 zonelists, mobility grouping on.  Total pages: 128889
[    0.000000] Policy zone: DMA32
[    0.000000] Kernel command line: BOOT_IMAGE=/boot/vmlinuz-4.15.0-212-generic root=LABEL=cloudimg-rootfs ro console=tty1 console=ttyS0
[    0.000000] Memory: 466748K/523832K available (12300K kernel code, 2477K rwdata, 4324K rodata, 2480K init, 2720K bss, 57084K reserved, 0K cma-reserved)
[    0.000000] SLUB: HWalign=64, Order=0-3, MinObjects=0, CPUs=1, Nodes=1
[    0.000000] Kernel/User page tables isolation: enabled
[    0.000000] ftrace: allocating 39508 entries in 155 pages
[    0.004000] Hierarchical RCU implementation.
[    0.004000] 	RCU restricting CPUs from NR_CPUS=8192 to nr_cpu_ids=1.
[    0.004000] 	Tasks RCU enabled.
[    0.004000] RCU: Adjusting geometry for rcu_fanout_leaf=16, nr_cpu_ids=1
[    0.004000] NR_IRQS: 524544, nr_irqs: 256, preallocated irqs: 16
[    0.004000] random: crng init done
[    0.004000] Console: colour VGA+ 80x25
[    0.004000] console [tty1] enabled
[    0.004000] console [ttyS0] enabled
[    0.004000] ACPI: Core revision 20170831
[    0.004000] ACPI: 2 ACPI AML tables successfully acquired and loaded
[    0.004000] APIC: Switch to symmetric I/O mode setup
[    0.004000] x2apic enabled
[    0.004000] Switched APIC routing to physical x2apic.
[    0.004000] ..TIMER: vector=0x30 apic1=0 pin1=2 apic2=-1 pin2=-1
[    0.004000] tsc: Detected 3312.000 MHz processor
[    0.004007] Calibrating delay loop (skipped) preset value.. 6624.00 BogoMIPS (lpj=13248000)
[    0.005134] pid_max: default: 32768 minimum: 301
[    0.005789] Security Framework initialized
[    0.006321] Yama: becoming mindful.
[    0.006793] AppArmor: AppArmor initialized
[    0.007420] Dentry cache hash table entries: 65536 (order: 7, 524288 bytes)
[    0.008031] Inode-cache hash table entries: 32768 (order: 6, 262144 bytes)
[    0.008915] Mount-cache hash table entries: 1024 (order: 1, 8192 bytes)
[    0.009759] Mountpoint-cache hash table entries: 1024 (order: 1, 8192 bytes)
[    0.010846] process: using mwait in idle threads
[    0.012004] Last level iTLB entries: 4KB 64, 2MB 8, 4MB 8
[    0.012702] Last level dTLB entries: 4KB 64, 2MB 0, 4MB 0, 1GB 4
[    0.013476] Spectre V1 : Mitigation: usercopy/swapgs barriers and __user pointer sanitization
[    0.014619] Spectre V2 : Mitigation: Retpolines
[    0.015212] Spectre V2 : Spectre v2 / SpectreRSB mitigation: Filling RSB on context switch
[    0.016001] Spectre V2 : Spectre v2 / SpectreRSB : Filling RSB on VMEXIT
[    0.016854] RETBleed: WARNING: Spectre v2 mitigation leaves CPU vulnerable to RETBleed attacks, data leaks possible!
[    0.018177] RETBleed: Vulnerable
[    0.018618] Speculative Store Bypass: Vulnerable
[    0.019293] MDS: Mitigation: Clear CPU buffers
[    0.020001] MMIO Stale Data: Mitigation: Clear CPU buffers
[    0.020709] SRBDS: Unknown: Dependent on hypervisor status
[    0.031996] Freeing SMP alternatives memory: 36K
[    0.142489] smpboot: CPU0: Intel(R) Core(TM) i5-10600 CPU @ 3.30GHz (family: 0x6, model: 0xa5, stepping: 0x3)
[    0.143820] Performance Events: unsupported p6 CPU model 165 no PMU driver, software events only.
[    0.144000] Hierarchical SRCU implementation.
[    0.144000] NMI watchdog: Perf event create on CPU 0 failed with -2
[    0.144001] NMI watchdog: Perf NMI watchdog permanently disabled
[    0.144797] smp: Bringing up secondary CPUs ...
[    0.145397] smp: Brought up 1 node, 1 CPU
[    0.145933] smpboot: Max logical packages: 1
[    0.146498] smpboot: Total of 1 processors activated (6624.00 BogoMIPS)
[    0.147410] devtmpfs: initialized
[    0.148037] x86/mm: Memory block size: 128MB
[    0.148679] evm: security.selinux
[    0.149138] evm: security.SMACK64
[    0.149594] evm: security.SMACK64EXEC
[    0.150090] evm: security.SMACK64TRANSMUTE
[    0.150636] evm: security.SMACK64MMAP
[    0.151186] evm: security.apparmor
[    0.151649] evm: security.ima
[    0.152002] evm: security.capability
[    0.152551] clocksource: jiffies: mask: 0xffffffff max_cycles: 0xffffffff, max_idle_ns: 7645041785100000 ns
[    0.153800] futex hash table entries: 256 (order: 2, 16384 bytes)
[    0.154608] pinctrl core: initialized pinctrl subsystem
[    0.155354] RTC time: 16:24:57, date: 01/11/25
[    0.156058] NET: Registered protocol family 16
[    0.156695] audit: initializing netlink subsys (disabled)
[    0.157469] cpuidle: using governor ladder
[    0.158021] cpuidle: using governor menu
[    0.158573] ACPI: bus type PCI registered
[    0.159113] acpiphp: ACPI Hot Plug PCI Controller Driver version: 0.5
[    0.160064] PCI: Using configuration type 1 for base access
[    0.160823] audit: type=2000 audit(1736612726.859:1): state=initialized audit_enabled=0 res=1
[    0.162623] HugeTLB registered 2.00 MiB page size, pre-allocated 0 pages
[    0.163556] ACPI: Added _OSI(Module Device)
[    0.164003] ACPI: Added _OSI(Processor Device)
[    0.164625] ACPI: Added _OSI(3.0 _SCP Extensions)
[    0.165254] ACPI: Added _OSI(Processor Aggregator Device)
[    0.165967] ACPI: Added _OSI(Linux-Dell-Video)
[    0.166564] ACPI: Added _OSI(Linux-Lenovo-NV-HDMI-Audio)
[    0.167268] ACPI: Added _OSI(Linux-HPI-Hybrid-Graphics)
[    0.168245] ACPI: Executed 1 blocks of module-level executable AML code
[    0.171279] ACPI: Interpreter enabled
[    0.172012] ACPI: (supports S0 S5)
[    0.172481] ACPI: Using IOAPIC for interrupt routing
[    0.173281] PCI: Using host bridge windows from ACPI; if necessary, use "pci=nocrs" and report a bug
[    0.174576] ACPI: Enabled 2 GPEs in block 00 to 07
[    0.180021] ACPI: PCI Root Bridge [PCI0] (domain 0000 [bus 00-ff])
[    0.180803] acpi PNP0A03:00: _OSC: OS supports [ASPM ClockPM Segments MSI]
[    0.181969] acpi PNP0A03:00: _OSC: not requesting OS control; OS requires [ExtendedConfig ASPM ClockPM MSI]
[    0.183440] acpi PNP0A03:00: fail to add MMCONFIG information, can't access extended PCI configuration space under this bridge.
[    0.184320] PCI host bridge to bus 0000:00
[    0.185241] pci_bus 0000:00: root bus resource [io  0x0000-0x0cf7 window]
[    0.186195] pci_bus 0000:00: root bus resource [io  0x0d00-0xffff window]
[    0.187037] pci_bus 0000:00: root bus resource [mem 0x000a0000-0x000bffff window]
[    0.188002] pci_bus 0000:00: root bus resource [mem 0x20000000-0xfdffffff window]
[    0.188951] pci_bus 0000:00: root bus resource [bus 00-ff]
[    0.192140] pci 0000:00:01.1: legacy IDE quirk: reg 0x10: [io  0x01f0-0x01f7]
[    0.193093] pci 0000:00:01.1: legacy IDE quirk: reg 0x14: [io  0x03f6]
[    0.193934] pci 0000:00:01.1: legacy IDE quirk: reg 0x18: [io  0x0170-0x0177]
[    0.194814] pci 0000:00:01.1: legacy IDE quirk: reg 0x1c: [io  0x0376]
[    0.202011] pci 0000:00:07.0: quirk: [io  0x4000-0x403f] claimed by PIIX4 ACPI
[    0.202947] pci 0000:00:07.0: quirk: [io  0x4100-0x410f] claimed by PIIX4 SMB
[    0.208046] ACPI: PCI Interrupt Link [LNKA] (IRQs 5 9 10 *11)
[    0.208991] ACPI: PCI Interrupt Link [LNKB] (IRQs 5 9 *10 11)
[    0.209802] ACPI: PCI Interrupt Link [LNKC] (IRQs 5 *9 10 11)
[    0.210609] ACPI: PCI Interrupt Link [LNKD] (IRQs 5 9 10 *11)
[    0.211585] SCSI subsystem initialized
[    0.212047] pci 0000:00:02.0: vgaarb: setting as boot VGA device
[    0.212888] pci 0000:00:02.0: vgaarb: VGA device added: decodes=io+mem,owns=io+mem,locks=none
[    0.213966] pci 0000:00:02.0: vgaarb: bridge control possible
[    0.214689] vgaarb: loaded
[    0.215112] ACPI: bus type USB registered
[    0.215730] usbcore: registered new interface driver usbfs
[    0.216010] usbcore: registered new interface driver hub
[    0.216704] usbcore: registered new device driver usb
[    0.217399] EDAC MC: Ver: 3.0.0
[    0.218047] PCI: Using ACPI for IRQ routing
[    0.218824] NetLabel: Initializing
[    0.219290] NetLabel:  domain hash size = 128
[    0.220001] NetLabel:  protocols = UNLABELED CIPSOv4 CALIPSO
[    0.220752] NetLabel:  unlabeled traffic allowed by default
[    0.221541] clocksource: Switched to clocksource kvm-clock
[    0.229724] VFS: Disk quotas dquot_6.6.0
[    0.230273] VFS: Dquot-cache hash table entries: 512 (order 0, 4096 bytes)
[    0.231191] AppArmor: AppArmor Filesystem Enabled
[    0.231821] pnp: PnP ACPI init
[    0.233118] pnp: PnP ACPI: found 3 devices
[    0.238814] clocksource: acpi_pm: mask: 0xffffff max_cycles: 0xffffff, max_idle_ns: 2085701024 ns
[    0.239966] NET: Registered protocol family 2
[    0.240568] IP idents hash table entries: 8192 (order: 4, 65536 bytes)
[    0.241487] TCP established hash table entries: 4096 (order: 3, 32768 bytes)
[    0.242580] TCP bind hash table entries: 4096 (order: 4, 65536 bytes)
[    0.243597] TCP: Hash tables configured (established 4096 bind 4096)
[    0.244541] UDP hash table entries: 256 (order: 1, 8192 bytes)
[    0.245294] UDP-Lite hash table entries: 256 (order: 1, 8192 bytes)
[    0.246107] NET: Registered protocol family 1
[    0.246698] pci 0000:00:00.0: Limiting direct PCI/PCI transfers
[    0.247488] pci 0000:00:01.0: Activating ISA DMA hang workarounds
[    0.248357] pci 0000:00:02.0: Video device with shadowed ROM at [mem 0x000c0000-0x000dffff]
[    0.249875] Unpacking initramfs...
[    0.463917] Freeing initrd memory: 19528K
[    0.464600] clocksource: tsc: mask: 0xffffffffffffffff max_cycles: 0x2fbd93f9e57, max_idle_ns: 440795263784 ns
[    0.466084] platform rtc_cmos: registered platform RTC device (no PNP device found)
[    0.467217] Scanning for low memory corruption every 60 seconds
[    0.468354] Initialise system trusted keyrings
[    0.468948] Key type blacklist registered
[    0.469522] workingset: timestamp_bits=36 max_order=17 bucket_order=0
[    0.470917] zbud: loaded
[    0.471575] squashfs: version 4.0 (2009/01/31) Phillip Lougher
[    0.472440] fuse init (API version 7.26)
[    0.473459] Key type asymmetric registered
[    0.474004] Asymmetric key parser 'x509' registered
[    0.474647] Block layer SCSI generic (bsg) driver version 0.4 loaded (major 246)
[    0.475938] io scheduler noop registered
[    0.476509] io scheduler deadline registered
[    0.477101] io scheduler cfq registered (default)
[    0.477940] ACPI: AC Adapter [AC] (on-line)
[    0.478534] input: Power Button as /devices/LNXSYSTM:00/LNXPWRBN:00/input/input0
[    0.479525] ACPI: Power Button [PWRF]
[    0.480085] input: Sleep Button as /devices/LNXSYSTM:00/LNXSLPBN:00/input/input1
[    0.481051] ACPI: Sleep Button [SLPF]
[    0.481678] Serial: 8250/16550 driver, 32 ports, IRQ sharing enabled
[    0.503144] 00:02: ttyS0 at I/O 0x3f8 (irq = 4, base_baud = 115200) is a 16550A
[    0.504948] Linux agpgart interface v0.103
[    0.506079] loop: module loaded
[    0.506844] scsi host0: ata_piix
[    0.507348] scsi host1: ata_piix
[    0.507817] ata1: PATA max UDMA/33 cmd 0x1f0 ctl 0x3f6 bmdma 0xd000 irq 14
[    0.508728] ata2: PATA max UDMA/33 cmd 0x170 ctl 0x376 bmdma 0xd008 irq 15
[    0.509832] tun: Universal TUN/TAP device driver, 1.6
[    0.510522] PPP generic driver version 2.4.2
[    0.511135] ehci_hcd: USB 2.0 'Enhanced' Host Controller (EHCI) Driver
[    0.511988] ehci-pci: EHCI PCI platform driver
[    0.512769] ehci-platform: EHCI generic platform driver
[    0.513457] ohci_hcd: USB 1.1 'Open' Host Controller (OHCI) Driver
[    0.514268] ohci-pci: OHCI PCI platform driver
[    0.514865] ohci-platform: OHCI generic platform driver
[    0.515578] uhci_hcd: USB Universal Host Controller Interface driver
[    0.516438] i8042: PNP: PS/2 Controller [PNP0303:PS2K,PNP0f03:PS2M] at 0x60,0x64 irq 1,12
[    0.517844] serio: i8042 KBD port at 0x60,0x64 irq 1
[    0.518515] serio: i8042 AUX port at 0x60,0x64 irq 12
[    0.519214] mousedev: PS/2 mouse device common for all mice
[    0.520114] input: AT Translated Set 2 keyboard as /devices/platform/i8042/serio0/input/input2
[    0.521538] rtc_cmos rtc_cmos: rtc core: registered rtc_cmos as rtc0
[    0.522373] rtc_cmos rtc_cmos: alarms up to one day, 114 bytes nvram
[    0.523240] i2c /dev entries driver
[    0.523930] device-mapper: uevent: version 1.0.3
[    0.524679] device-mapper: ioctl: 4.37.0-ioctl (2017-09-20) initialised: dm-devel@redhat.com
[    0.525773] ledtrig-cpu: registered to indicate activity on CPUs
[    0.526726] NET: Registered protocol family 10
[    0.529371] Segment Routing with IPv6
[    0.529893] NET: Registered protocol family 17
[    0.530505] Key type dns_resolver registered
[    0.531143] mce: Using 0 MCE banks
[    0.531617] RAS: Correctable Errors collector initialized.
[    0.532365] sched_clock: Marking stable (532344822, 0)->(642357940, -110013118)
[    0.533404] registered taskstats version 1
[    0.533963] Loading compiled-in X.509 certificates
[    0.535765] Loaded X.509 cert 'Build time autogenerated kernel key: b5b26778eaa3ab3a4a6cee031137706e947d12ad'
[    0.537464] Loaded X.509 cert 'Canonical Ltd. Live Patch Signing: 14df34d1a87cf37625abec039ef2bf521249b969'
[    0.539074] Loaded X.509 cert 'Canonical Ltd. Kernel Module Signing: 88f752e560a1e0737e31163a466ad7b70a850c19'
[    0.540406] blacklist: Loading compiled-in revocation X.509 certificates
[    0.541287] Loaded X.509 cert 'Canonical Ltd. Secure Boot Signing: 61482aa2830d0ab2ad5af10b7250da9033ddcef0'
[    0.542548] Loaded X.509 cert 'Canonical Ltd. Secure Boot Signing (2017): 242ade75ac4a15e50d50c84b0d45ff3eae707a03'
[    0.543887] Loaded X.509 cert 'Canonical Ltd. Secure Boot Signing (ESM 2018): 365188c1d374d6b07c3c8f240f8ef722433d6a8b'
[    0.545290] Loaded X.509 cert 'Canonical Ltd. Secure Boot Signing (2019): c0746fd6c5da3ae827864651ad66ae47fe24b3e8'
[    0.546622] Loaded X.509 cert 'Canonical Ltd. Secure Boot Signing (2021 v1): a8d54bbb3825cfb94fa13c9f8a594a195c107b8d'
[    0.547981] Loaded X.509 cert 'Canonical Ltd. Secure Boot Signing (2021 v2): 4cf046892d6fd3c9a5b03f98d845f90851dc6a8c'
[    0.549372] Loaded X.509 cert 'Canonical Ltd. Secure Boot Signing (2021 v3): 100437bb6de6e469b581e61cd66bce3ef4ed53af'
[    0.550745] Loaded X.509 cert 'Canonical Ltd. Secure Boot Signing (Ubuntu Core 2019): c1d57b8f6b743f23ee41f4f7ee292f06eecadfb9'
[    0.552198] zswap: loaded using pool lzo/zbud
[    0.554410] Key type big_key registered
[    0.554947] Key type trusted registered
[    0.556282] Key type encrypted registered
[    0.556835] AppArmor: AppArmor sha1 policy hashing enabled
[    0.557550] ima: No TPM chip found, activating TPM-bypass! (rc=-19)
[    0.558358] ima: Allocated hash algorithm: sha1
[    0.558966] evm: HMAC attrs: 0x1
[    0.559618]   Magic number: 9:865:438
[    0.560393] rtc_cmos rtc_cmos: setting system clock to 2025-01-11 16:24:57 UTC (1736612697)
[    0.561505] BIOS EDD facility v0.16 2004-Jun-25, 0 devices found
[    0.562285] EDD information not available.
[    0.692840] Freeing unused kernel image memory: 2480K
[    0.700513] Write protecting the kernel read-only data: 20480k
[    0.701548] Freeing unused kernel image memory: 2008K
[    0.702719] Freeing unused kernel image memory: 1820K
[    0.709133] x86/mm: Checked W+X mappings: passed, no W+X pages found.
[    0.710028] x86/mm: Checking user space page tables
[    0.716348] x86/mm: Checked W+X mappings: passed, no W+X pages found.
Loading, please wait...
starting version 237
[    0.778664] e1000: Intel(R) PRO/1000 Network Driver - version 7.3.21-k8-NAPI
[    0.780447] e1000: Copyright (c) 1999-2006 Intel Corporation.
[    0.784248] Fusion MPT base driver 3.04.20
[    0.784796] Copyright (c) 1999-2008 LSI Corporation
[    0.792097] Fusion MPT SPI Host driver 3.04.20
[    0.804982] AVX2 version of gcm_enc/dec engaged.
[    0.805627] AES CTR mode by8 optimization enabled
[    0.994133] input: ImExPS/2 Generic Explorer Mouse as /devices/platform/i8042/serio1/input/input4
[    1.156502] e1000 0000:00:03.0 eth0: (PCI:33MHz:32-bit) 02:3b:7b:b7:3b:2d
[    1.157386] e1000 0000:00:03.0 eth0: Intel(R) PRO/1000 Network Connection
[    1.158812] mptbase: ioc0: Initiating bringup
[    1.253281] ioc0: LSI53C1030 A0: Capabilities={Initiator}
[    1.492610] scsi host2: ioc0: LSI53C1030 A0, FwRev=00000000h, Ports=1, MaxQ=256, IRQ=20
[    1.661336] scsi 2:0:0:0: Direct-Access     VBOX     HARDDISK         1.0  PQ: 0 ANSI: 5
[    1.662622] scsi target2:0:0: Beginning Domain Validation
[    1.664819] scsi target2:0:0: Domain Validation skipping write tests
[    1.665712] scsi target2:0:0: Ending Domain Validation
[    1.666394] scsi target2:0:0: asynchronous
[    1.667261] scsi 2:0:1:0: Direct-Access     VBOX     HARDDISK         1.0  PQ: 0 ANSI: 5
[    1.668317] scsi target2:0:1: Beginning Domain Validation
[    1.669535] scsi target2:0:1: Domain Validation skipping write tests
[    1.670437] scsi target2:0:1: Ending Domain Validation
[    1.671119] scsi target2:0:1: asynchronous
[    1.674192] sd 2:0:0:0: [sda] 83886080 512-byte logical blocks: (42.9 GB/40.0 GiB)
[    1.675502] sd 2:0:0:0: [sda] Write Protect is off
[    1.676197] sd 2:0:0:0: Attached scsi generic sg0 type 0
[    1.676909] sd 2:0:0:0: [sda] Incomplete mode parameter data
[    1.677623] sd 2:0:0:0: [sda] Assuming drive cache: write through
[    1.679377] sd 2:0:1:0: [sdb] 20480 512-byte logical blocks: (10.5 MB/10.0 MiB)
[    1.680369] sd 2:0:1:0: [sdb] Write Protect is off
[    1.681038] sd 2:0:1:0: [sdb] Incomplete mode parameter data
[    1.681750] sd 2:0:1:0: [sdb] Assuming drive cache: write through
[    1.682646] sd 2:0:1:0: Attached scsi generic sg1 type 0
[    1.704126]  sda: sda1
[    1.704957] sd 2:0:0:0: [sda] Attached SCSI disk
[    1.714288] sd 2:0:1:0: [sdb] Attached SCSI disk
[    2.040126] e1000 0000:00:08.0 eth1: (PCI:33MHz:32-bit) 08:00:27:d2:87:02
[    2.041327] e1000 0000:00:08.0 eth1: Intel(R) PRO/1000 Network Connection
[    2.043037] e1000 0000:00:08.0 enp0s8: renamed from eth1
[    2.044980] e1000 0000:00:03.0 enp0s3: renamed from eth0
Begin: Loading essential drivers ... [    3.430935] raid6: sse2x1   gen() 16442 MB/s
[    3.481909] raid6: sse2x1   xor()  9400 MB/s
[    3.530828] raid6: sse2x2   gen() 19077 MB/s
[    3.584155] raid6: sse2x2   xor() 11695 MB/s
[    3.635076] raid6: sse2x4   gen() 20284 MB/s
[    3.697199] raid6: sse2x4   xor() 13768 MB/s
[    3.752989] raid6: avx2x1   gen() 32809 MB/s
[    3.801754] raid6: avx2x1   xor() 16534 MB/s
[    3.848014] raid6: avx2x2   gen() 34606 MB/s
[    3.901211] raid6: avx2x2   xor() 22595 MB/s
[    3.951306] raid6: avx2x4   gen() 41758 MB/s
[    4.000032] raid6: avx2x4   xor() 22057 MB/s
[    4.000622] raid6: using algorithm avx2x4 gen() 41758 MB/s
[    4.001335] raid6: .... xor() 22057 MB/s, rmw enabled
[    4.001996] raid6: using avx2x2 recovery algorithm
[    4.003910] xor: automatically using best checksumming function   avx       
[    4.005904] async_tx: api initialized (async)
done.
Begin: Running /scripts/init-premount ... done.
Begin: Mounting root file system ... Begin: Running /scripts/local-top ... done.
Begin: Running /scripts/local-premount ... [    4.045403] Btrfs loaded, crc32c=crc32c-intel
Scanning for Btrfs filesystems
done.
Warning: fsck not present, so skipping root file system
[    4.321116] EXT4-fs (sda1): mounted filesystem with ordered data mode. Opts: (null)
done.
Begin: Running /scripts/local-bottom ... done.
Begin: Running /scripts/init-bottom ... done.
[    9.810999] ip_tables: (C) 2000-2006 Netfilter Core Team
[   11.165481] systemd[1]: systemd 237 running in system mode. (+PAM +AUDIT +SELINUX +IMA +APPARMOR +SMACK +SYSVINIT +UTMP +LIBCRYPTSETUP +GCRYPT +GNUTLS +ACL +XZ +LZ4 +SECCOMP +BLKID +ELFUTILS +KMOD -IDN2 +IDN -PCRE2 default-hierarchy=hybrid)
[   11.168150] systemd[1]: Detected virtualization oracle.
[   11.168858] systemd[1]: Detected architecture x86-64.

Welcome to [1mUbuntu 18.04.6 LTS[0m!

[   11.184715] systemd[1]: Set hostname to <ubuntu>.
[   11.399918] systemd[1]: Initializing machine ID from random generator.
[   11.400826] systemd[1]: Installed transient /etc/machine-id file.
[   17.471724] systemd[1]: Created slice User and Session Slice.
[[0;32m  OK  [0m] Created slice User and Session Slice.
[   17.484591] systemd[1]: Reached target System Time Synchronized.
[[0;32m  OK  [0m] Reached target System Time Synchronized.
[   17.486087] systemd[1]: Reached target User and Group Name Lookups.
[[0;32m  OK  [0m] Reached target User and Group Name Lookups.
[   17.487642] systemd[1]: Started Forward Password Requests to Wall Directory Watch.
[[0;32m  OK  [0m] Started Forward Password Requests to Wall Directory Watch.
[   17.489864] systemd[1]: Created slice System Slice.
[[0;32m  OK  [0m] Created slice System Slice.
[   17.491159] systemd[1]: Listening on Journal Audit Socket.
[[0;32m  OK  [0m] Listening on Journal Audit Socket.
[   17.492693] systemd[1]: Listening on Journal Socket.
[[0;32m  OK  [0m] Listening on Journal Socket.
[   17.494732] systemd[1]: Mounting Kernel Debug File System...
         Mounting Kernel Debug File System...
[   17.496706] systemd[1]: Mounting POSIX Message Queue File System...
         Mounting POSIX Message Queue File System...
[   17.512709] systemd[1]: Starting Load Kernel Modules...
         Starting Load Kernel Modules...
         Starting Create list of required st…ce nodes for the current kernel...
[[0;32m  OK  [0m] Created slice system-serial\x2dgetty.slice.
[[0;32m  OK  [0m] Listening on /dev/initctl Compatibility Named Pipe.
[[0;32m  OK  [0m] Listening on Journal Socket (/dev/log).
         Mounting Huge Pages File System...
[[0;32m  OK  [0m] Listening on udev Control Socket.
[[0;32m  OK  [0m] Set up automount Arbitrary Executab…rmats File System Automount Point.
[[0;32m  OK  [0m] Listening on Network Service Netlink Socket.
[[0;32m  OK  [0m] Listening on Device-mapper event daemon FIFOs.
[[0;32m  OK  [0m] Listening on udev Kernel Socket.
         Starting udev Coldplug all Devices...
[[0;32m  OK  [0m] Listening on Syslog Socket.
[[0;32m  OK  [0m] Reached target Swap.
[[0;32m  OK  [0m] Reached target Mounting snaps.
[[0;32m  OK  [0m] Reached target Mounted snaps.
         Starting Uncomplicated firewall...
[[0;32m  OK  [0m] Reached target Slices.
[[0;32m  OK  [0m] Listening on LVM2 poll daemon socket.
[[0;32m  OK  [0m] Listening on fsck to fsckd communication Socket.
         Starting File System Check on Root Device...
         Starting Journal Service...
[[0;32m  OK  [0m] Listening on LVM2 metadata daemon socket.
         Starting Monitoring of LVM2 mirrors…ng dmeventd or progress polling...
         Starting Set the console keyboard layout...
[[0;32m  OK  [0m] Mounted Kernel Debug File System.
[[0;32m  OK  [0m] Mounted POSIX Message Queue File System.
[[0;32m  OK  [0m] Started Create list of required sta…vice nodes for the current kernel.
[[0;32m  OK  [0m] Mounted Huge Pages File System.
         Starting Create Static Device Nodes in /dev...
[   17.667915] Loading iSCSI transport class v2.0-870.
[   17.687766] iscsi: registered transport (tcp)
[[0;32m  OK  [0m] Started Uncomplicated firewall.
[[0;32m  OK  [0m] Started File System Check Daemon to report status.
[[0;32m  OK  [0m] Started Journal Service.
[[0;32m  OK  [0m] Started udev Coldplug all Devices.
[   18.572411] iscsi: registered transport (iser)
[[0;32m  OK  [0m] Started Load Kernel Modules.
         Mounting Kernel Configuration File System...
         Mounting FUSE Control File System...
         Starting Apply Kernel Variables...
[[0;32m  OK  [0m] Mounted Kernel Configuration File System.
[[0;32m  OK  [0m] Mounted FUSE Control File System.
[[0;32m  OK  [0m] Started File System Check on Root Device.
         Starting Remount Root and Kernel File Systems...
[[0;32m  OK  [0m] Started Create Static Device Nodes in /dev.
[[0;32m  OK  [0m] Started Apply Kernel Variables.
[[0;32m  OK  [0m] Started Remount Root and Kernel File Systems.
         Starting Flush Journal to Persistent Storage...
         Starting udev Kernel Device Manager...
         Starting Load/Save Random Seed...
[[0;32m  OK  [0m] Started Load/Save Random Seed.
[[0;32m  OK  [0m] Started Flush Journal to Persistent Storage.
[[0;32m  OK  [0m] Started LVM2 metadata daemon.
[[0;32m  OK  [0m] Started Monitoring of LVM2 mirrors,…sing dmeventd or progress polling.
[[0;32m  OK  [0m] Started udev Kernel Device Manager.
[[0;32m  OK  [0m] Found device /dev/ttyS0.
[[0;32m  OK  [0m] Listening on Load/Save RF Kill Switch Status /dev/rfkill Watch.
[[0;32m  OK  [0m] Started Set the console keyboard layout.
[[0;32m  OK  [0m] Reached target Local File Systems (Pre).
[[0;32m  OK  [0m] Reached target Local File Systems.
         Starting Commit a transient machine-id on disk...
         Starting Tell Plymouth To Write Out Runtime Data...
         Starting ebtables ruleset management...
         Starting Create Volatile Files and Directories...
         Starting AppArmor initialization...
         Starting Set console font and keymap...
[[0;32m  OK  [0m] Started Dispatch Password Requests to Console Directory Watch.
[[0;32m  OK  [0m] Reached target Local Encrypted Volumes.
[[0;32m  OK  [0m] Started Tell Plymouth To Write Out Runtime Data.
         Mounting Arbitrary Executable File Formats File System...
[[0;32m  OK  [0m] Started Commit a transient machine-id on disk.
[[0;32m  OK  [0m] Started Create Volatile Files and Directories.
         Starting Update UTMP about System Boot/Shutdown...
[[0;32m  OK  [0m] Mounted Arbitrary Executable File Formats File System.
[[0;32m  OK  [0m] Started Update UTMP about System Boot/Shutdown.
[[0;32m  OK  [0m] Started ebtables ruleset management.
[[0;32m  OK  [0m] Started Set console font and keymap.
[[0;32m  OK  [0m] Started AppArmor initialization.
         Starting Load AppArmor profiles managed internally by snapd...
         Starting Initial cloud-init job (pre-networking)...
[[0;32m  OK  [0m] Started Load AppArmor profiles managed internally by snapd.
[   49.025701] cloud-init[775]: Cloud-init v. 23.1.2-0ubuntu0~18.04.1 running 'init-local' at Sat, 11 Jan 2025 16:25:45 +0000. Up 48.07 seconds.
[[0;32m  OK  [0m] Started Initial cloud-init job (pre-networking).
[[0;32m  OK  [0m] Reached target Network (Pre).
         Starting Network Service...
[[0;32m  OK  [0m] Started Network Service.
         Starting Wait for Network to be Configured...
         Starting Network Name Resolution...
[[0;32m  OK  [0m] Started Network Name Resolution.
[[0;32m  OK  [0m] Reached target Network.
[[0;32m  OK  [0m] Reached target Host and Network Name Lookups.
[[0;32m  OK  [0m] Started Wait for Network to be Configured.
         Starting Initial cloud-init job (metadata service crawler)...
[   51.966504] cloud-init[926]: Cloud-init v. 23.1.2-0ubuntu0~18.04.1 running 'init' at Sat, 11 Jan 2025 16:25:48 +0000. Up 51.80 seconds.
[   51.968662] cloud-init[926]: ci-info: ++++++++++++++++++++++++++++++++++++++Net device info+++++++++++++++++++++++++++++++++++++++
[   51.969984] cloud-init[926]: ci-info: +--------+-------+----------------------------+---------------+--------+-------------------+
[   51.972616] cloud-init[926]: ci-info: | Device |   Up  |          Address           |      Mask     | Scope  |     Hw-Address    |
[   51.974452] cloud-init[926]: ci-info: +--------+-------+----------------------------+---------------+--------+-------------------+
[   51.975705] cloud-init[926]: ci-info: | enp0s3 |  True |         10.0.2.15          | 255.255.255.0 | global | 02:3b:7b:b7:3b:2d |
[   51.976910] cloud-init[926]: ci-info: | enp0s3 |  True | fe80::3b:7bff:feb7:3b2d/64 |       .       |  link  | 02:3b:7b:b7:3b:2d |
[   51.978162] cloud-init[926]: ci-info: | enp0s8 | False |             .              |       .       |   .    | 08:00:27:d2:87:02 |
[   51.979437] cloud-init[926]: ci-info: |   lo   |  True |         127.0.0.1          |   255.0.0.0   |  host  |         .         |
[   51.980961] cloud-init[926]: ci-info: |   lo   |  True |          ::1/128           |       .       |  host  |         .         |
[   51.982201] cloud-init[926]: ci-info: +--------+-------+----------------------------+---------------+--------+-------------------+
[   51.983467] cloud-init[926]: ci-info: ++++++++++++++++++++++++++++Route IPv4 info+++++++++++++++++++++++++++++
[   51.984562] cloud-init[926]: ci-info: +-------+-------------+----------+-----------------+-----------+-------+
[   51.985798] cloud-init[926]: ci-info: | Route | Destination | Gateway  |     Genmask     | Interface | Flags |
[   51.986871] cloud-init[926]: ci-info: +-------+-------------+----------+-----------------+-----------+-------+
[   51.987946] cloud-init[926]: ci-info: |   0   |   0.0.0.0   | 10.0.2.2 |     0.0.0.0     |   enp0s3  |   UG  |
[   51.989041] cloud-init[926]: ci-info: |   1   |   10.0.2.0  | 0.0.0.0  |  255.255.255.0  |   enp0s3  |   U   |
[   51.990185] cloud-init[926]: ci-info: |   2   |   10.0.2.2  | 0.0.0.0  | 255.255.255.255 |   enp0s3  |   UH  |
[   51.991257] cloud-init[926]: ci-info: +-------+-------------+----------+-----------------+-----------+-------+
[   51.992343] cloud-init[926]: ci-info: +++++++++++++++++++Route IPv6 info+++++++++++++++++++
[   51.993262] cloud-init[926]: ci-info: +-------+-------------+---------+-----------+-------+
[   51.994183] cloud-init[926]: ci-info: | Route | Destination | Gateway | Interface | Flags |
[   51.996799] cloud-init[926]: ci-info: +-------+-------------+---------+-----------+-------+
[   51.997782] cloud-init[926]: ci-info: |   1   |  fe80::/64  |    ::   |   enp0s3  |   U   |
[   51.998710] cloud-init[926]: ci-info: |   3   |    local    |    ::   |   enp0s3  |   U   |
[   51.999691] cloud-init[926]: ci-info: |   4   |   ff00::/8  |    ::   |   enp0s3  |   U   |
[   52.000641] cloud-init[926]: ci-info: +-------+-------------+---------+-----------+-------+
[   60.970954] cloud-init[926]: Generating public/private rsa key pair.
[   60.971765] cloud-init[926]: Your identification has been saved in /etc/ssh/ssh_host_rsa_key.
[   60.972744] cloud-init[926]: Your public key has been saved in /etc/ssh/ssh_host_rsa_key.pub.
[   60.973686] cloud-init[926]: The key fingerprint is:
[   60.976112] cloud-init[926]: SHA256:d9VQeJ1pHCUd0XjslRMEn0Gc/mH3o7zIWsp29ecb/oE root@ubuntu-bionic
[   60.977141] cloud-init[926]: The key's randomart image is:
[   60.980161] cloud-init[926]: +---[RSA 2048]----+
[   60.980770] cloud-init[926]: |             .O#/|
[   60.981359] cloud-init[926]: |              +&@|
[   60.982040] cloud-init[926]: |              +*+|
[   60.984152] cloud-init[926]: |             . +o|
[   60.988161] cloud-init[926]: |        S . . . =|
[   60.988803] cloud-init[926]: |         . . ...o|
[   60.989391] cloud-init[926]: |           .oEoo.|
[   60.990078] cloud-init[926]: |        ..+..o..+|
[   60.990788] cloud-init[926]: |        .+oo ..+*|
[   60.992110] cloud-init[926]: +----[SHA256]-----+
[   60.996136] cloud-init[926]: Generating public/private dsa key pair.
[   60.996879] cloud-init[926]: Your identification has been saved in /etc/ssh/ssh_host_dsa_key.
[   60.997783] cloud-init[926]: Your public key has been saved in /etc/ssh/ssh_host_dsa_key.pub.
[   60.998766] cloud-init[926]: The key fingerprint is:
[   61.000136] cloud-init[926]: SHA256:IxIBD9/NYap+OJBv/inGqiwcXSuP9YF6qPxFrrkwjwg root@ubuntu-bionic
[   61.004141] cloud-init[926]: The key's randomart image is:
[   61.004812] cloud-init[926]: +---[DSA 1024]----+
[   61.005381] cloud-init[926]: |  o..   o        |
[   61.008126] cloud-init[926]: |   + o = .       |
[   61.008760] cloud-init[926]: |    + o o        |
[   61.009472] cloud-init[926]: |   . +           |
[   61.010143] cloud-init[926]: |  + +.+ S        |
[   61.012092] cloud-init[926]: | . *o* o .       |
[   61.016297] cloud-init[926]: |Eo..&oo .        |
[   61.017207] cloud-init[926]: |*.=*B= o         |
[   61.017832] cloud-init[926]: |+*+O+oo          |
[   61.018436] cloud-init[926]: +----[SHA256]-----+
[   61.019140] cloud-init[926]: Generating public/private ecdsa key pair.
[   61.024141] cloud-init[926]: Your identification has been saved in /etc/ssh/ssh_host_ecdsa_key.
[   61.025279] cloud-init[926]: Your public key has been saved in /etc/ssh/ssh_host_ecdsa_key.pub.
[   61.026282] cloud-init[926]: The key fingerprint is:
[   61.027103] cloud-init[926]: SHA256:iR2nK2lomIbrabCkgMFA2POdmxmbpvCIbkj11RUH++c root@ubuntu-bionic
[   61.032116] cloud-init[926]: The key's randomart image is:
[   61.033334] cloud-init[926]: +---[ECDSA 256]---+
[   61.034071] cloud-init[926]: |oo         oo.   |
[   61.034670] cloud-init[926]: |o o        .o    |
[   61.036137] cloud-init[926]: |o  o . .o o.     |
[   61.036747] cloud-init[926]: |.. .. ++ *  .    |
[   61.040158] cloud-init[926]: |... . oBS    . . |
[   61.040775] cloud-init[926]: |++.o oB. .    o  |
[   61.041380] cloud-init[926]: |Oo++oo+ .      E |
[   61.042072] cloud-init[926]: |==o.o. .         |
[   61.042670] cloud-init[926]: |*+               |
[   61.044119] cloud-init[926]: +----[SHA256]-----+
[   61.048160] cloud-init[926]: Generating public/private ed25519 key pair.
[   61.049054] cloud-init[926]: Your identification has been saved in /etc/ssh/ssh_host_ed25519_key.
[   61.050294] cloud-init[926]: Your public key has been saved in /etc/ssh/ssh_host_ed25519_key.pub.
[   61.051295] cloud-init[926]: The key fingerprint is:
[   61.051932] cloud-init[926]: SHA256:b9scsKLHYPl8xH/F4zzlUifTQ0DfXHbR+Se885/PnhM root@ubuntu-bionic
[   61.055446] cloud-init[926]: The key's randomart image is:
[   61.056336] cloud-init[926]: +--[ED25519 256]--+
[   61.056966] cloud-init[926]: |            .. .B|
[[0;32m  OK  [0m] Started Initial cloud-init job (metadata service crawler).
[[0;32m  OK  [0m] Reached target Network is Online.
[   61.060222] cloud-init[926]: |             ..+=|
[   61.060849] cloud-init[926]: |             ...+|
[   61.061470] cloud-init[926]: |              o.o|
[   61.062108] cloud-init[926]: |       .S..   .=.|
[   61.062806] cloud-init[926]: |      +  .oo  =EB|
[   61.063423] cloud-init[926]: |     . =..+.. oO*|
[   61.064006] cloud-init[926]: |       .=o.+..o*=|
[   61.064645] cloud-init[926]: |      .. .. o. =X|
[   61.065230] cloud-init[926]: +----[SHA256]-----+
         Starting Availability of block devices...
[[0;32m  OK  [0m] Reached target Remote File Systems (Pre).
[[0;32m  OK  [0m] Reached target Remote File Systems.
[[0;32m  OK  [0m] Reached target Cloud-config availability.
[[0;32m  OK  [0m] Reached target System Initialization.
[[0;32m  OK  [0m] Started ACPI Events Check.
[[0;32m  OK  [0m] Listening on Open-iSCSI iscsid Socket.
[[0;32m  OK  [0m] Started Ubuntu Advantage Timer for running repeated jobs.
[[0;32m  OK  [0m] Started Daily apt download activities.
[[0;32m  OK  [0m] Started Daily apt upgrade and clean activities.
[[0;32m  OK  [0m] Started Message of the Day.
         Starting LXD - unix socket.
[[0;32m  OK  [0m] Reached target Paths.
[[0;32m  OK  [0m] Started Daily Cleanup of Temporary Directories.
[[0;32m  OK  [0m] Listening on UUID daemon activation socket.
         Starting Socket activation for snappy daemon.
[[0;32m  OK  [0m] Listening on ACPID Listen Socket.
[[0;32m  OK  [0m] Started Discard unused blocks once a week.
[[0;32m  OK  [0m] Reached target Timers.
[[0;32m  OK  [0m] Listening on D-Bus System Message Bus Socket.
[[0;32m  OK  [0m] Listening on cloud-init hotplug hook socket.
[[0;32m  OK  [0m] Listening on LXD - unix socket.
[[0;32m  OK  [0m] Listening on Socket activation for snappy daemon.
[[0;32m  OK  [0m] Started Availability of block devices.
[[0;32m  OK  [0m] Reached target Sockets.
[[0;32m  OK  [0m] Reached target Basic System.
         Starting Dispatcher daemon for systemd-networkd...
         Starting Permit User Sessions...
[[0;32m  OK  [0m] Reached target Login Prompts (Pre).
         Starting Virtualbox guest utils...
         Starting Login Service...
         Starting LSB: automatic crash report generation...
         Starting System Logging Service...
[[0;32m  OK  [0m] Started FUSE filesystem for LXC.
         Starting LSB: Record successful boot for GRUB...
[[0;32m  OK  [0m] Started Deferred execution scheduler.
[[0;32m  OK  [0m] Started D-Bus System Message Bus.
[[0;32m  OK  [0m] Started Login Service.
[[0;32m  OK  [0m] Started Unattended Upgrades Shutdown.
         Starting Snap Daemon...
         Starting Accounts Service...
[[0;32m  OK  [0m] Started Regular background program processing daemon.
         Starting Pollinate to seed the pseudo random number generator...
[[0;32m  OK  [0m] Started irqbalance daemon.
         Starting LXD - container startup/shutdown...
[[0;32m  OK  [0m] Started System Logging Service.
[[0;32m  OK  [0m] Started Permit User Sessions.
         Starting Hold until boot process finishes up...
         Starting Terminate Plymouth Boot Screen...
[[0;32m  OK  [0m] Started Hold until boot process finishes up.
         Starting Set console scheme...
[[0;32m  OK  [0m] Started Serial Getty on ttyS0.
[[0;32m  OK  [0m] Started Terminate Plymouth Boot Screen.
[[0;32m  OK  [0m] Started LSB: automatic crash report generation.
[[0;32m  OK  [0m] Started Set console scheme.
[[0;32m  OK  [0m] Created slice system-getty.slice.
[[0;32m  OK  [0m] Started Getty on tty1.
[[0;32m  OK  [0m] Reached target Login Prompts.
[[0;32m  OK  [0m] Started Dispatcher daemon for systemd-networkd.
         Starting Authorization Manager...
[[0;32m  OK  [0m] Started LSB: Record successful boot for GRUB.

Ubuntu 18.04.6 LTS ubuntu-bionic ttyS0

ubuntu-bionic login: [  192.599210] cloud-init[2684]: Cloud-init v. 23.1.2-0ubuntu0~18.04.1 running 'modules:config' at Sat, 11 Jan 2025 16:26:45 +0000. Up 109.06 seconds.
ci-info: no authorized SSH keys fingerprints found for user ubuntu.
<14>Jan 11 16:29:09 cloud-init: #############################################################
<14>Jan 11 16:29:09 cloud-init: -----BEGIN SSH HOST KEY FINGERPRINTS-----
<14>Jan 11 16:29:10 cloud-init: 1024 SHA256:IxIBD9/NYap+OJBv/inGqiwcXSuP9YF6qPxFrrkwjwg root@ubuntu-bionic (DSA)
<14>Jan 11 16:29:10 cloud-init: 256 SHA256:iR2nK2lomIbrabCkgMFA2POdmxmbpvCIbkj11RUH++c root@ubuntu-bionic (ECDSA)
<14>Jan 11 16:29:10 cloud-init: 256 SHA256:b9scsKLHYPl8xH/F4zzlUifTQ0DfXHbR+Se885/PnhM root@ubuntu-bionic (ED25519)
<14>Jan 11 16:29:10 cloud-init: 2048 SHA256:d9VQeJ1pHCUd0XjslRMEn0Gc/mH3o7zIWsp29ecb/oE root@ubuntu-bionic (RSA)
<14>Jan 11 16:29:10 cloud-init: -----END SSH HOST KEY FINGERPRINTS-----
<14>Jan 11 16:29:10 cloud-init: #############################################################
-----BEGIN SSH HOST KEY KEYS-----
ecdsa-sha2-nistp256 AAAAE2VjZHNhLXNoYTItbmlzdHAyNTYAAAAIbmlzdHAyNTYAAABBBG6d+4ALtnR/DTLpxmN7192f25cv5khrVE2wOK61xt9rDBjK9gxj69WDuTKE7QaR0gPcHYyX/G7Z1ZSStxE5nv0= root@ubuntu-bionic
ssh-ed25519 AAAAC3NzaC1lZDI1NTE5AAAAIJsF9t5YvQosLD1go96b002TUwlILzTkiq+3UXu84JNY root@ubuntu-bionic
ssh-rsa AAAAB3NzaC1yc2EAAAADAQABAAABAQDvFIH4iOUdW5t4Ry+7Q4xjpwr4Y2o/0Tho+HAJUAzhhBB6bD9WlDfj0yx2Ag5+J4f+9SbCicQV55z6IGbo+lEC9G6tmbwEwla6gj5s68pzJP6wP38Ne1QBUCY7DsXpVh/Bz2dyYuGS3kAbP7xWZGU1oBenbfHiuymtmNJ4VXo/EW3IZNv+KFPUMqx2z4aMfLpno0fD04qRhYTDHhraLnKVCMZyapdJqrsXRUqhHIOMk9T3EZ9xlbmOPTPj7MaC72KGQCCM2/KtRK4QYIGiw/Oe+/IhS+pSwJ2O1VWoXlYfoPPjrVn3WVeDuppoJT7V2/jY8j64Gx4XuTRMOZDGWkeF root@ubuntu-bionic
-----END SSH HOST KEY KEYS-----
[  253.737843] cloud-init[3226]: Cloud-init v. 23.1.2-0ubuntu0~18.04.1 running 'modules:final' at Sat, 11 Jan 2025 16:28:42 +0000. Up 225.17 seconds.
[  253.937574] cloud-init[3226]: Cloud-init v. 23.1.2-0ubuntu0~18.04.1 finished at Sat, 11 Jan 2025 16:29:10 +0000. Datasource DataSourceNoCloud [seed=/dev/sdb][dsmode=net].  Up 253.73 seconds
